<?xml version="1.0" encoding="UTF-8"?>
<testrun name="AllTests" project="FlightShortestPath" tests="1" started="1" failures="0" errors="1" ignored="0">
  <testsuite name="com.idea.flight.test.AllTests" time="0.007">
    <testsuite name="com.idea.flight.test.TestShortestPath" time="0.007">
      <testcase name="initializationError" classname="com.idea.flight.test.TestShortestPath" time="0.007">
        <error>java.lang.Exception: Method initialise() should be static&#13;
	at org.junit.runners.model.FrameworkMethod.validatePublicVoid(FrameworkMethod.java:88)&#13;
	at org.junit.runners.model.FrameworkMethod.validatePublicVoidNoArg(FrameworkMethod.java:70)&#13;
	at org.junit.runners.ParentRunner.validatePublicVoidNoArgMethods(ParentRunner.java:133)&#13;
	at org.junit.runners.ParentRunner.collectInitializationErrors(ParentRunner.java:113)&#13;
	at org.junit.runners.BlockJUnit4ClassRunner.collectInitializationErrors(BlockJUnit4ClassRunner.java:100)&#13;
	at org.junit.runners.ParentRunner.validate(ParentRunner.java:355)&#13;
	at org.junit.runners.ParentRunner.&lt;init&gt;(ParentRunner.java:76)&#13;
	at org.junit.runners.BlockJUnit4ClassRunner.&lt;init&gt;(BlockJUnit4ClassRunner.java:57)&#13;
	at org.junit.internal.builders.JUnit4Builder.runnerForClass(JUnit4Builder.java:10)&#13;
	at org.junit.runners.model.RunnerBuilder.safeRunnerForClass(RunnerBuilder.java:59)&#13;
	at org.junit.internal.builders.AllDefaultPossibilitiesBuilder.runnerForClass(AllDefaultPossibilitiesBuilder.java:26)&#13;
	at org.junit.runners.model.RunnerBuilder.safeRunnerForClass(RunnerBuilder.java:59)&#13;
	at org.junit.runners.model.RunnerBuilder.runners(RunnerBuilder.java:101)&#13;
	at org.junit.runners.model.RunnerBuilder.runners(RunnerBuilder.java:87)&#13;
	at org.junit.runners.Suite.&lt;init&gt;(Suite.java:101)&#13;
	at org.junit.runners.Suite.&lt;init&gt;(Suite.java:69)&#13;
	at sun.reflect.NativeConstructorAccessorImpl.newInstance0(Native Method)&#13;
	at sun.reflect.NativeConstructorAccessorImpl.newInstance(Unknown Source)&#13;
	at sun.reflect.DelegatingConstructorAccessorImpl.newInstance(Unknown Source)&#13;
	at java.lang.reflect.Constructor.newInstance(Unknown Source)&#13;
	at org.junit.internal.builders.AnnotatedBuilder.buildRunner(AnnotatedBuilder.java:33)&#13;
	at org.junit.internal.builders.AnnotatedBuilder.runnerForClass(AnnotatedBuilder.java:21)&#13;
	at org.junit.runners.model.RunnerBuilder.safeRunnerForClass(RunnerBuilder.java:59)&#13;
	at org.junit.internal.builders.AllDefaultPossibilitiesBuilder.runnerForClass(AllDefaultPossibilitiesBuilder.java:26)&#13;
	at org.junit.runners.model.RunnerBuilder.safeRunnerForClass(RunnerBuilder.java:59)&#13;
	at org.junit.internal.requests.ClassRequest.getRunner(ClassRequest.java:26)&#13;
	at org.eclipse.jdt.internal.junit4.runner.JUnit4TestReference.&lt;init&gt;(JUnit4TestReference.java:33)&#13;
	at org.eclipse.jdt.internal.junit4.runner.JUnit4TestClassReference.&lt;init&gt;(JUnit4TestClassReference.java:25)&#13;
	at org.eclipse.jdt.internal.junit4.runner.JUnit4TestLoader.createTest(JUnit4TestLoader.java:48)&#13;
	at org.eclipse.jdt.internal.junit4.runner.JUnit4TestLoader.loadTests(JUnit4TestLoader.java:38)&#13;
	at org.eclipse.jdt.internal.junit.runner.RemoteTestRunner.runTests(RemoteTestRunner.java:444)&#13;
	at org.eclipse.jdt.internal.junit.runner.RemoteTestRunner.runTests(RemoteTestRunner.java:675)&#13;
	at org.eclipse.jdt.internal.junit.runner.RemoteTestRunner.run(RemoteTestRunner.java:382)&#13;
	at org.eclipse.jdt.internal.junit.runner.RemoteTestRunner.main(RemoteTestRunner.java:192)&#13;
&#13;
</error>
      </testcase>
    </testsuite>
  </testsuite>
</testrun>
